{"C:\\Users\\15142\\Desktop\\bojan\\amazing\\kkk\\server\\src\\app.js": {"path":"C:\\Users\\15142\\Desktop\\bojan\\amazing\\kkk\\server\\src\\app.js","statementMap":{"0":{"start":{"line":17,"column":12},"end":{"line":17,"column":21}},"1":{"start":{"line":19,"column":0},"end":{"line":19,"column":16}},"2":{"start":{"line":22,"column":0},"end":{"line":22,"column":41}},"3":{"start":{"line":23,"column":0},"end":{"line":23,"column":63}},"4":{"start":{"line":26,"column":0},"end":{"line":26,"column":61}},"5":{"start":{"line":26,"column":37},"end":{"line":26,"column":59}},"6":{"start":{"line":29,"column":0},"end":{"line":29,"column":43}},"7":{"start":{"line":30,"column":0},"end":{"line":30,"column":33}},"8":{"start":{"line":31,"column":0},"end":{"line":31,"column":39}},"9":{"start":{"line":32,"column":0},"end":{"line":32,"column":35}},"10":{"start":{"line":33,"column":0},"end":{"line":33,"column":39}},"11":{"start":{"line":34,"column":0},"end":{"line":34,"column":52}},"12":{"start":{"line":35,"column":0},"end":{"line":35,"column":28}},"13":{"start":{"line":38,"column":0},"end":{"line":40,"column":1}},"14":{"start":{"line":39,"column":2},"end":{"line":39,"column":39}},"15":{"start":{"line":42,"column":0},"end":{"line":42,"column":43}},"16":{"start":{"line":43,"column":0},"end":{"line":43,"column":41}},"17":{"start":{"line":44,"column":0},"end":{"line":44,"column":51}},"18":{"start":{"line":45,"column":0},"end":{"line":45,"column":41}}},"fnMap":{"0":{"name":"(anonymous_0)","decl":{"start":{"line":26,"column":23},"end":{"line":26,"column":24}},"loc":{"start":{"line":26,"column":37},"end":{"line":26,"column":59}},"line":26}},"branchMap":{"0":{"loc":{"start":{"line":38,"column":0},"end":{"line":40,"column":1}},"type":"if","locations":[{"start":{"line":38,"column":0},"end":{"line":40,"column":1}},{"start":{},"end":{}}],"line":38}},"s":{"0":4,"1":4,"2":4,"3":4,"4":4,"5":0,"6":4,"7":4,"8":4,"9":4,"10":4,"11":4,"12":4,"13":4,"14":0,"15":4,"16":4,"17":4,"18":4},"f":{"0":0},"b":{"0":[0,4]},"_coverageSchema":"1a1c01bbd47fc00a2c39e90264f33305004495a9","hash":"f92dd4e5fbc3f5a9b1576578e8a5590548c428a0"}
,"C:\\Users\\15142\\Desktop\\bojan\\amazing\\kkk\\server\\src\\prisma.js": {"path":"C:\\Users\\15142\\Desktop\\bojan\\amazing\\kkk\\server\\src\\prisma.js","statementMap":{"0":{"start":{"line":3,"column":22},"end":{"line":3,"column":40}}},"fnMap":{},"branchMap":{},"s":{"0":4},"f":{},"b":{},"_coverageSchema":"1a1c01bbd47fc00a2c39e90264f33305004495a9","hash":"bdcfb6971fa140bef52ea30bb234377de0c047e5"}
,"C:\\Users\\15142\\Desktop\\bojan\\amazing\\kkk\\server\\src\\routes\\customers.routes.js": {"path":"C:\\Users\\15142\\Desktop\\bojan\\amazing\\kkk\\server\\src\\routes\\customers.routes.js","statementMap":{"0":{"start":{"line":4,"column":15},"end":{"line":4,"column":23}},"1":{"start":{"line":8,"column":12},"end":{"line":8,"column":25}},"2":{"start":{"line":9,"column":2},"end":{"line":9,"column":40}},"3":{"start":{"line":13,"column":2},"end":{"line":13,"column":73}},"4":{"start":{"line":13,"column":61},"end":{"line":13,"column":73}},"5":{"start":{"line":14,"column":12},"end":{"line":14,"column":27}},"6":{"start":{"line":15,"column":2},"end":{"line":15,"column":46}},"7":{"start":{"line":19,"column":0},"end":{"line":28,"column":3}},"8":{"start":{"line":20,"column":2},"end":{"line":27,"column":3}},"9":{"start":{"line":21,"column":22},"end":{"line":23,"column":6}},"10":{"start":{"line":24,"column":4},"end":{"line":24,"column":24}},"11":{"start":{"line":26,"column":4},"end":{"line":26,"column":65}},"12":{"start":{"line":31,"column":0},"end":{"line":42,"column":3}},"13":{"start":{"line":32,"column":21},"end":{"line":32,"column":47}},"14":{"start":{"line":33,"column":2},"end":{"line":33,"column":89}},"15":{"start":{"line":33,"column":27},"end":{"line":33,"column":89}},"16":{"start":{"line":35,"column":2},"end":{"line":41,"column":3}},"17":{"start":{"line":36,"column":21},"end":{"line":36,"column":80}},"18":{"start":{"line":37,"column":4},"end":{"line":37,"column":80}},"19":{"start":{"line":37,"column":19},"end":{"line":37,"column":80}},"20":{"start":{"line":38,"column":4},"end":{"line":38,"column":23}},"21":{"start":{"line":40,"column":4},"end":{"line":40,"column":64}},"22":{"start":{"line":45,"column":0},"end":{"line":73,"column":3}},"23":{"start":{"line":46,"column":55},"end":{"line":46,"column":69}},"24":{"start":{"line":48,"column":2},"end":{"line":50,"column":3}},"25":{"start":{"line":49,"column":4},"end":{"line":49,"column":68}},"26":{"start":{"line":51,"column":2},"end":{"line":53,"column":3}},"27":{"start":{"line":52,"column":4},"end":{"line":52,"column":67}},"28":{"start":{"line":55,"column":20},"end":{"line":55,"column":46}},"29":{"start":{"line":56,"column":2},"end":{"line":58,"column":3}},"30":{"start":{"line":57,"column":4},"end":{"line":57,"column":90}},"31":{"start":{"line":60,"column":2},"end":{"line":72,"column":3}},"32":{"start":{"line":61,"column":20},"end":{"line":68,"column":6}},"33":{"start":{"line":69,"column":4},"end":{"line":69,"column":34}},"34":{"start":{"line":71,"column":4},"end":{"line":71,"column":89}},"35":{"start":{"line":76,"column":0},"end":{"line":112,"column":3}},"36":{"start":{"line":77,"column":21},"end":{"line":77,"column":47}},"37":{"start":{"line":78,"column":2},"end":{"line":78,"column":89}},"38":{"start":{"line":78,"column":27},"end":{"line":78,"column":89}},"39":{"start":{"line":80,"column":55},"end":{"line":80,"column":69}},"40":{"start":{"line":82,"column":2},"end":{"line":84,"column":3}},"41":{"start":{"line":83,"column":4},"end":{"line":83,"column":72}},"42":{"start":{"line":85,"column":2},"end":{"line":87,"column":3}},"43":{"start":{"line":86,"column":4},"end":{"line":86,"column":71}},"44":{"start":{"line":89,"column":20},"end":{"line":89,"column":87}},"45":{"start":{"line":90,"column":2},"end":{"line":92,"column":3}},"46":{"start":{"line":91,"column":4},"end":{"line":91,"column":90}},"47":{"start":{"line":94,"column":2},"end":{"line":111,"column":3}},"48":{"start":{"line":95,"column":19},"end":{"line":95,"column":78}},"49":{"start":{"line":96,"column":4},"end":{"line":96,"column":78}},"50":{"start":{"line":96,"column":17},"end":{"line":96,"column":78}},"51":{"start":{"line":98,"column":20},"end":{"line":106,"column":6}},"52":{"start":{"line":108,"column":4},"end":{"line":108,"column":22}},"53":{"start":{"line":110,"column":4},"end":{"line":110,"column":89}},"54":{"start":{"line":115,"column":0},"end":{"line":128,"column":3}},"55":{"start":{"line":116,"column":21},"end":{"line":116,"column":47}},"56":{"start":{"line":117,"column":2},"end":{"line":117,"column":89}},"57":{"start":{"line":117,"column":27},"end":{"line":117,"column":89}},"58":{"start":{"line":119,"column":2},"end":{"line":127,"column":3}},"59":{"start":{"line":120,"column":19},"end":{"line":120,"column":78}},"60":{"start":{"line":121,"column":4},"end":{"line":121,"column":78}},"61":{"start":{"line":121,"column":17},"end":{"line":121,"column":78}},"62":{"start":{"line":123,"column":4},"end":{"line":123,"column":60}},"63":{"start":{"line":124,"column":4},"end":{"line":124,"column":27}},"64":{"start":{"line":126,"column":4},"end":{"line":126,"column":65}}},"fnMap":{"0":{"name":"toIntOrNull","decl":{"start":{"line":7,"column":9},"end":{"line":7,"column":20}},"loc":{"start":{"line":7,"column":28},"end":{"line":10,"column":1}},"line":7},"1":{"name":"toDateOrNull","decl":{"start":{"line":12,"column":9},"end":{"line":12,"column":21}},"loc":{"start":{"line":12,"column":29},"end":{"line":16,"column":1}},"line":12},"2":{"name":"(anonymous_2)","decl":{"start":{"line":19,"column":16},"end":{"line":19,"column":17}},"loc":{"start":{"line":19,"column":37},"end":{"line":28,"column":1}},"line":19},"3":{"name":"(anonymous_3)","decl":{"start":{"line":31,"column":19},"end":{"line":31,"column":20}},"loc":{"start":{"line":31,"column":39},"end":{"line":42,"column":1}},"line":31},"4":{"name":"(anonymous_4)","decl":{"start":{"line":45,"column":17},"end":{"line":45,"column":18}},"loc":{"start":{"line":45,"column":37},"end":{"line":73,"column":1}},"line":45},"5":{"name":"(anonymous_5)","decl":{"start":{"line":76,"column":19},"end":{"line":76,"column":20}},"loc":{"start":{"line":76,"column":39},"end":{"line":112,"column":1}},"line":76},"6":{"name":"(anonymous_6)","decl":{"start":{"line":115,"column":22},"end":{"line":115,"column":23}},"loc":{"start":{"line":115,"column":42},"end":{"line":128,"column":1}},"line":115}},"branchMap":{"0":{"loc":{"start":{"line":9,"column":9},"end":{"line":9,"column":39}},"type":"cond-expr","locations":[{"start":{"line":9,"column":31},"end":{"line":9,"column":32}},{"start":{"line":9,"column":35},"end":{"line":9,"column":39}}],"line":9},"1":{"loc":{"start":{"line":13,"column":2},"end":{"line":13,"column":73}},"type":"if","locations":[{"start":{"line":13,"column":2},"end":{"line":13,"column":73}},{"start":{},"end":{}}],"line":13},"2":{"loc":{"start":{"line":13,"column":6},"end":{"line":13,"column":59}},"type":"binary-expr","locations":[{"start":{"line":13,"column":6},"end":{"line":13,"column":20}},{"start":{"line":13,"column":24},"end":{"line":13,"column":43}},{"start":{"line":13,"column":47},"end":{"line":13,"column":59}}],"line":13},"3":{"loc":{"start":{"line":15,"column":9},"end":{"line":15,"column":45}},"type":"cond-expr","locations":[{"start":{"line":15,"column":37},"end":{"line":15,"column":41}},{"start":{"line":15,"column":44},"end":{"line":15,"column":45}}],"line":15},"4":{"loc":{"start":{"line":33,"column":2},"end":{"line":33,"column":89}},"type":"if","locations":[{"start":{"line":33,"column":2},"end":{"line":33,"column":89}},{"start":{},"end":{}}],"line":33},"5":{"loc":{"start":{"line":37,"column":4},"end":{"line":37,"column":80}},"type":"if","locations":[{"start":{"line":37,"column":4},"end":{"line":37,"column":80}},{"start":{},"end":{}}],"line":37},"6":{"loc":{"start":{"line":46,"column":55},"end":{"line":46,"column":69}},"type":"binary-expr","locations":[{"start":{"line":46,"column":55},"end":{"line":46,"column":63}},{"start":{"line":46,"column":67},"end":{"line":46,"column":69}}],"line":46},"7":{"loc":{"start":{"line":48,"column":2},"end":{"line":50,"column":3}},"type":"if","locations":[{"start":{"line":48,"column":2},"end":{"line":50,"column":3}},{"start":{},"end":{}}],"line":48},"8":{"loc":{"start":{"line":48,"column":6},"end":{"line":48,"column":70}},"type":"binary-expr","locations":[{"start":{"line":48,"column":6},"end":{"line":48,"column":16}},{"start":{"line":48,"column":20},"end":{"line":48,"column":49}},{"start":{"line":48,"column":53},"end":{"line":48,"column":70}}],"line":48},"9":{"loc":{"start":{"line":51,"column":2},"end":{"line":53,"column":3}},"type":"if","locations":[{"start":{"line":51,"column":2},"end":{"line":53,"column":3}},{"start":{},"end":{}}],"line":51},"10":{"loc":{"start":{"line":51,"column":6},"end":{"line":51,"column":67}},"type":"binary-expr","locations":[{"start":{"line":51,"column":6},"end":{"line":51,"column":15}},{"start":{"line":51,"column":19},"end":{"line":51,"column":47}},{"start":{"line":51,"column":51},"end":{"line":51,"column":67}}],"line":51},"11":{"loc":{"start":{"line":56,"column":2},"end":{"line":58,"column":3}},"type":"if","locations":[{"start":{"line":56,"column":2},"end":{"line":58,"column":3}},{"start":{},"end":{}}],"line":56},"12":{"loc":{"start":{"line":56,"column":6},"end":{"line":56,"column":94}},"type":"binary-expr","locations":[{"start":{"line":56,"column":6},"end":{"line":56,"column":32}},{"start":{"line":56,"column":36},"end":{"line":56,"column":57}},{"start":{"line":56,"column":61},"end":{"line":56,"column":80}},{"start":{"line":56,"column":84},"end":{"line":56,"column":94}}],"line":56},"13":{"loc":{"start":{"line":65,"column":15},"end":{"line":65,"column":50}},"type":"cond-expr","locations":[{"start":{"line":65,"column":23},"end":{"line":65,"column":43}},{"start":{"line":65,"column":46},"end":{"line":65,"column":50}}],"line":65},"14":{"loc":{"start":{"line":78,"column":2},"end":{"line":78,"column":89}},"type":"if","locations":[{"start":{"line":78,"column":2},"end":{"line":78,"column":89}},{"start":{},"end":{}}],"line":78},"15":{"loc":{"start":{"line":80,"column":55},"end":{"line":80,"column":69}},"type":"binary-expr","locations":[{"start":{"line":80,"column":55},"end":{"line":80,"column":63}},{"start":{"line":80,"column":67},"end":{"line":80,"column":69}}],"line":80},"16":{"loc":{"start":{"line":82,"column":2},"end":{"line":84,"column":3}},"type":"if","locations":[{"start":{"line":82,"column":2},"end":{"line":84,"column":3}},{"start":{},"end":{}}],"line":82},"17":{"loc":{"start":{"line":82,"column":6},"end":{"line":82,"column":85}},"type":"binary-expr","locations":[{"start":{"line":82,"column":6},"end":{"line":82,"column":29}},{"start":{"line":82,"column":34},"end":{"line":82,"column":63}},{"start":{"line":82,"column":67},"end":{"line":82,"column":84}}],"line":82},"18":{"loc":{"start":{"line":85,"column":2},"end":{"line":87,"column":3}},"type":"if","locations":[{"start":{"line":85,"column":2},"end":{"line":87,"column":3}},{"start":{},"end":{}}],"line":85},"19":{"loc":{"start":{"line":85,"column":6},"end":{"line":85,"column":82}},"type":"binary-expr","locations":[{"start":{"line":85,"column":6},"end":{"line":85,"column":28}},{"start":{"line":85,"column":33},"end":{"line":85,"column":61}},{"start":{"line":85,"column":65},"end":{"line":85,"column":81}}],"line":85},"20":{"loc":{"start":{"line":89,"column":20},"end":{"line":89,"column":87}},"type":"cond-expr","locations":[{"start":{"line":89,"column":49},"end":{"line":89,"column":58}},{"start":{"line":89,"column":61},"end":{"line":89,"column":87}}],"line":89},"21":{"loc":{"start":{"line":90,"column":2},"end":{"line":92,"column":3}},"type":"if","locations":[{"start":{"line":90,"column":2},"end":{"line":92,"column":3}},{"start":{},"end":{}}],"line":90},"22":{"loc":{"start":{"line":90,"column":6},"end":{"line":90,"column":102}},"type":"binary-expr","locations":[{"start":{"line":90,"column":6},"end":{"line":90,"column":32}},{"start":{"line":90,"column":36},"end":{"line":90,"column":57}},{"start":{"line":90,"column":61},"end":{"line":90,"column":80}},{"start":{"line":90,"column":84},"end":{"line":90,"column":102}}],"line":90},"23":{"loc":{"start":{"line":96,"column":4},"end":{"line":96,"column":78}},"type":"if","locations":[{"start":{"line":96,"column":4},"end":{"line":96,"column":78}},{"start":{},"end":{}}],"line":96},"24":{"loc":{"start":{"line":101,"column":19},"end":{"line":101,"column":73}},"type":"cond-expr","locations":[{"start":{"line":101,"column":45},"end":{"line":101,"column":61}},{"start":{"line":101,"column":64},"end":{"line":101,"column":73}}],"line":101},"25":{"loc":{"start":{"line":102,"column":18},"end":{"line":102,"column":70}},"type":"cond-expr","locations":[{"start":{"line":102,"column":43},"end":{"line":102,"column":58}},{"start":{"line":102,"column":61},"end":{"line":102,"column":70}}],"line":102},"26":{"loc":{"start":{"line":103,"column":15},"end":{"line":103,"column":86}},"type":"cond-expr","locations":[{"start":{"line":103,"column":38},"end":{"line":103,"column":73}},{"start":{"line":103,"column":77},"end":{"line":103,"column":86}}],"line":103},"27":{"loc":{"start":{"line":103,"column":38},"end":{"line":103,"column":73}},"type":"cond-expr","locations":[{"start":{"line":103,"column":46},"end":{"line":103,"column":66}},{"start":{"line":103,"column":69},"end":{"line":103,"column":73}}],"line":103},"28":{"loc":{"start":{"line":104,"column":22},"end":{"line":104,"column":72}},"type":"cond-expr","locations":[{"start":{"line":104,"column":51},"end":{"line":104,"column":60}},{"start":{"line":104,"column":63},"end":{"line":104,"column":72}}],"line":104},"29":{"loc":{"start":{"line":117,"column":2},"end":{"line":117,"column":89}},"type":"if","locations":[{"start":{"line":117,"column":2},"end":{"line":117,"column":89}},{"start":{},"end":{}}],"line":117},"30":{"loc":{"start":{"line":121,"column":4},"end":{"line":121,"column":78}},"type":"if","locations":[{"start":{"line":121,"column":4},"end":{"line":121,"column":78}},{"start":{},"end":{}}],"line":121}},"s":{"0":4,"1":7,"2":7,"3":1,"4":0,"5":1,"6":1,"7":4,"8":1,"9":1,"10":1,"11":0,"12":4,"13":2,"14":2,"15":1,"16":1,"17":1,"18":1,"19":1,"20":0,"21":0,"22":4,"23":2,"24":2,"25":1,"26":1,"27":0,"28":1,"29":1,"30":0,"31":1,"32":1,"33":1,"34":0,"35":4,"36":3,"37":3,"38":1,"39":2,"40":2,"41":0,"42":2,"43":0,"44":2,"45":2,"46":0,"47":2,"48":2,"49":2,"50":1,"51":1,"52":1,"53":0,"54":4,"55":2,"56":2,"57":0,"58":2,"59":2,"60":2,"61":1,"62":1,"63":1,"64":0},"f":{"0":7,"1":1,"2":1,"3":2,"4":2,"5":3,"6":2},"b":{"0":[5,2],"1":[0,1],"2":[1,1,1],"3":[0,1],"4":[1,1],"5":[1,0],"6":[2,0],"7":[1,1],"8":[2,1,1],"9":[0,1],"10":[1,1,1],"11":[0,1],"12":[1,1,1,1],"13":[1,0],"14":[1,2],"15":[2,0],"16":[0,2],"17":[2,2,2],"18":[0,2],"19":[2,1,1],"20":[2,0],"21":[0,2],"22":[2,0,0,0],"23":[1,1],"24":[1,0],"25":[1,0],"26":[0,1],"27":[0,0],"28":[1,0],"29":[0,2],"30":[1,1]},"_coverageSchema":"1a1c01bbd47fc00a2c39e90264f33305004495a9","hash":"339d414ac74de41cc1992065381f6ab7ee5f3a72"}
,"C:\\Users\\15142\\Desktop\\bojan\\amazing\\kkk\\server\\src\\routes\\packages.routes.js": {"path":"C:\\Users\\15142\\Desktop\\bojan\\amazing\\kkk\\server\\src\\routes\\packages.routes.js","statementMap":{"0":{"start":{"line":4,"column":15},"end":{"line":4,"column":23}},"1":{"start":{"line":7,"column":12},"end":{"line":7,"column":25}},"2":{"start":{"line":8,"column":2},"end":{"line":8,"column":40}},"3":{"start":{"line":12,"column":0},"end":{"line":22,"column":3}},"4":{"start":{"line":13,"column":2},"end":{"line":21,"column":3}},"5":{"start":{"line":15,"column":17},"end":{"line":17,"column":6}},"6":{"start":{"line":18,"column":4},"end":{"line":18,"column":19}},"7":{"start":{"line":20,"column":4},"end":{"line":20,"column":64}},"8":{"start":{"line":25,"column":0},"end":{"line":36,"column":3}},"9":{"start":{"line":26,"column":20},"end":{"line":26,"column":46}},"10":{"start":{"line":27,"column":2},"end":{"line":27,"column":87}},"11":{"start":{"line":27,"column":26},"end":{"line":27,"column":87}},"12":{"start":{"line":29,"column":2},"end":{"line":35,"column":3}},"13":{"start":{"line":30,"column":16},"end":{"line":30,"column":73}},"14":{"start":{"line":31,"column":4},"end":{"line":31,"column":74}},"15":{"start":{"line":31,"column":14},"end":{"line":31,"column":74}},"16":{"start":{"line":32,"column":4},"end":{"line":32,"column":18}},"17":{"start":{"line":34,"column":4},"end":{"line":34,"column":63}},"18":{"start":{"line":39,"column":0},"end":{"line":60,"column":3}},"19":{"start":{"line":40,"column":38},"end":{"line":40,"column":52}},"20":{"start":{"line":42,"column":12},"end":{"line":42,"column":36}},"21":{"start":{"line":43,"column":12},"end":{"line":43,"column":35}},"22":{"start":{"line":45,"column":2},"end":{"line":47,"column":3}},"23":{"start":{"line":46,"column":4},"end":{"line":46,"column":89}},"24":{"start":{"line":48,"column":2},"end":{"line":50,"column":3}},"25":{"start":{"line":49,"column":4},"end":{"line":49,"column":88}},"26":{"start":{"line":52,"column":2},"end":{"line":59,"column":3}},"27":{"start":{"line":53,"column":20},"end":{"line":55,"column":6}},"28":{"start":{"line":56,"column":4},"end":{"line":56,"column":34}},"29":{"start":{"line":58,"column":4},"end":{"line":58,"column":64}},"30":{"start":{"line":63,"column":0},"end":{"line":95,"column":3}},"31":{"start":{"line":64,"column":20},"end":{"line":64,"column":46}},"32":{"start":{"line":65,"column":2},"end":{"line":65,"column":87}},"33":{"start":{"line":65,"column":26},"end":{"line":65,"column":87}},"34":{"start":{"line":67,"column":38},"end":{"line":67,"column":52}},"35":{"start":{"line":69,"column":12},"end":{"line":69,"column":76}},"36":{"start":{"line":70,"column":12},"end":{"line":70,"column":74}},"37":{"start":{"line":72,"column":2},"end":{"line":74,"column":3}},"38":{"start":{"line":73,"column":4},"end":{"line":73,"column":89}},"39":{"start":{"line":75,"column":2},"end":{"line":77,"column":3}},"40":{"start":{"line":76,"column":4},"end":{"line":76,"column":88}},"41":{"start":{"line":79,"column":2},"end":{"line":94,"column":3}},"42":{"start":{"line":80,"column":19},"end":{"line":80,"column":76}},"43":{"start":{"line":81,"column":4},"end":{"line":81,"column":77}},"44":{"start":{"line":81,"column":17},"end":{"line":81,"column":77}},"45":{"start":{"line":83,"column":20},"end":{"line":89,"column":6}},"46":{"start":{"line":91,"column":4},"end":{"line":91,"column":22}},"47":{"start":{"line":93,"column":4},"end":{"line":93,"column":64}},"48":{"start":{"line":98,"column":0},"end":{"line":112,"column":3}},"49":{"start":{"line":99,"column":20},"end":{"line":99,"column":46}},"50":{"start":{"line":100,"column":2},"end":{"line":100,"column":87}},"51":{"start":{"line":100,"column":26},"end":{"line":100,"column":87}},"52":{"start":{"line":102,"column":2},"end":{"line":111,"column":3}},"53":{"start":{"line":103,"column":19},"end":{"line":103,"column":76}},"54":{"start":{"line":104,"column":4},"end":{"line":104,"column":77}},"55":{"start":{"line":104,"column":17},"end":{"line":104,"column":77}},"56":{"start":{"line":106,"column":4},"end":{"line":106,"column":58}},"57":{"start":{"line":107,"column":4},"end":{"line":107,"column":27}},"58":{"start":{"line":110,"column":4},"end":{"line":110,"column":100}}},"fnMap":{"0":{"name":"toIntOrNull","decl":{"start":{"line":6,"column":9},"end":{"line":6,"column":20}},"loc":{"start":{"line":6,"column":28},"end":{"line":9,"column":1}},"line":6},"1":{"name":"(anonymous_1)","decl":{"start":{"line":12,"column":16},"end":{"line":12,"column":17}},"loc":{"start":{"line":12,"column":37},"end":{"line":22,"column":1}},"line":12},"2":{"name":"(anonymous_2)","decl":{"start":{"line":25,"column":19},"end":{"line":25,"column":20}},"loc":{"start":{"line":25,"column":39},"end":{"line":36,"column":1}},"line":25},"3":{"name":"(anonymous_3)","decl":{"start":{"line":39,"column":17},"end":{"line":39,"column":18}},"loc":{"start":{"line":39,"column":37},"end":{"line":60,"column":1}},"line":39},"4":{"name":"(anonymous_4)","decl":{"start":{"line":63,"column":19},"end":{"line":63,"column":20}},"loc":{"start":{"line":63,"column":39},"end":{"line":95,"column":1}},"line":63},"5":{"name":"(anonymous_5)","decl":{"start":{"line":98,"column":22},"end":{"line":98,"column":23}},"loc":{"start":{"line":98,"column":42},"end":{"line":112,"column":1}},"line":98}},"branchMap":{"0":{"loc":{"start":{"line":8,"column":9},"end":{"line":8,"column":39}},"type":"cond-expr","locations":[{"start":{"line":8,"column":31},"end":{"line":8,"column":32}},{"start":{"line":8,"column":35},"end":{"line":8,"column":39}}],"line":8},"1":{"loc":{"start":{"line":27,"column":2},"end":{"line":27,"column":87}},"type":"if","locations":[{"start":{"line":27,"column":2},"end":{"line":27,"column":87}},{"start":{},"end":{}}],"line":27},"2":{"loc":{"start":{"line":31,"column":4},"end":{"line":31,"column":74}},"type":"if","locations":[{"start":{"line":31,"column":4},"end":{"line":31,"column":74}},{"start":{},"end":{}}],"line":31},"3":{"loc":{"start":{"line":40,"column":38},"end":{"line":40,"column":52}},"type":"binary-expr","locations":[{"start":{"line":40,"column":38},"end":{"line":40,"column":46}},{"start":{"line":40,"column":50},"end":{"line":40,"column":52}}],"line":40},"4":{"loc":{"start":{"line":45,"column":2},"end":{"line":47,"column":3}},"type":"if","locations":[{"start":{"line":45,"column":2},"end":{"line":47,"column":3}},{"start":{},"end":{}}],"line":45},"5":{"loc":{"start":{"line":45,"column":6},"end":{"line":45,"column":25}},"type":"binary-expr","locations":[{"start":{"line":45,"column":6},"end":{"line":45,"column":16}},{"start":{"line":45,"column":20},"end":{"line":45,"column":25}}],"line":45},"6":{"loc":{"start":{"line":48,"column":2},"end":{"line":50,"column":3}},"type":"if","locations":[{"start":{"line":48,"column":2},"end":{"line":50,"column":3}},{"start":{},"end":{}}],"line":48},"7":{"loc":{"start":{"line":48,"column":6},"end":{"line":48,"column":25}},"type":"binary-expr","locations":[{"start":{"line":48,"column":6},"end":{"line":48,"column":16}},{"start":{"line":48,"column":20},"end":{"line":48,"column":25}}],"line":48},"8":{"loc":{"start":{"line":65,"column":2},"end":{"line":65,"column":87}},"type":"if","locations":[{"start":{"line":65,"column":2},"end":{"line":65,"column":87}},{"start":{},"end":{}}],"line":65},"9":{"loc":{"start":{"line":67,"column":38},"end":{"line":67,"column":52}},"type":"binary-expr","locations":[{"start":{"line":67,"column":38},"end":{"line":67,"column":46}},{"start":{"line":67,"column":50},"end":{"line":67,"column":52}}],"line":67},"10":{"loc":{"start":{"line":69,"column":12},"end":{"line":69,"column":76}},"type":"cond-expr","locations":[{"start":{"line":69,"column":40},"end":{"line":69,"column":49}},{"start":{"line":69,"column":52},"end":{"line":69,"column":76}}],"line":69},"11":{"loc":{"start":{"line":70,"column":12},"end":{"line":70,"column":74}},"type":"cond-expr","locations":[{"start":{"line":70,"column":39},"end":{"line":70,"column":48}},{"start":{"line":70,"column":51},"end":{"line":70,"column":74}}],"line":70},"12":{"loc":{"start":{"line":72,"column":2},"end":{"line":74,"column":3}},"type":"if","locations":[{"start":{"line":72,"column":2},"end":{"line":74,"column":3}},{"start":{},"end":{}}],"line":72},"13":{"loc":{"start":{"line":72,"column":6},"end":{"line":72,"column":46}},"type":"binary-expr","locations":[{"start":{"line":72,"column":6},"end":{"line":72,"column":21}},{"start":{"line":72,"column":26},"end":{"line":72,"column":36}},{"start":{"line":72,"column":40},"end":{"line":72,"column":45}}],"line":72},"14":{"loc":{"start":{"line":75,"column":2},"end":{"line":77,"column":3}},"type":"if","locations":[{"start":{"line":75,"column":2},"end":{"line":77,"column":3}},{"start":{},"end":{}}],"line":75},"15":{"loc":{"start":{"line":75,"column":6},"end":{"line":75,"column":46}},"type":"binary-expr","locations":[{"start":{"line":75,"column":6},"end":{"line":75,"column":21}},{"start":{"line":75,"column":26},"end":{"line":75,"column":36}},{"start":{"line":75,"column":40},"end":{"line":75,"column":45}}],"line":75},"16":{"loc":{"start":{"line":81,"column":4},"end":{"line":81,"column":77}},"type":"if","locations":[{"start":{"line":81,"column":4},"end":{"line":81,"column":77}},{"start":{},"end":{}}],"line":81},"17":{"loc":{"start":{"line":100,"column":2},"end":{"line":100,"column":87}},"type":"if","locations":[{"start":{"line":100,"column":2},"end":{"line":100,"column":87}},{"start":{},"end":{}}],"line":100},"18":{"loc":{"start":{"line":104,"column":4},"end":{"line":104,"column":77}},"type":"if","locations":[{"start":{"line":104,"column":4},"end":{"line":104,"column":77}},{"start":{},"end":{}}],"line":104}},"s":{"0":4,"1":15,"2":15,"3":4,"4":1,"5":1,"6":1,"7":0,"8":4,"9":2,"10":2,"11":1,"12":1,"13":1,"14":1,"15":1,"16":0,"17":0,"18":4,"19":3,"20":3,"21":3,"22":3,"23":1,"24":2,"25":1,"26":1,"27":1,"28":1,"29":0,"30":4,"31":2,"32":2,"33":0,"34":2,"35":2,"36":2,"37":2,"38":0,"39":2,"40":0,"41":2,"42":2,"43":2,"44":1,"45":1,"46":1,"47":0,"48":4,"49":2,"50":2,"51":0,"52":2,"53":2,"54":2,"55":0,"56":2,"57":1,"58":1},"f":{"0":15,"1":1,"2":2,"3":3,"4":2,"5":2},"b":{"0":[13,2],"1":[1,1],"2":[1,0],"3":[3,0],"4":[1,2],"5":[3,3],"6":[1,1],"7":[2,1],"8":[0,2],"9":[2,0],"10":[0,2],"11":[1,1],"12":[0,2],"13":[2,2,2],"14":[0,2],"15":[2,1,1],"16":[1,1],"17":[0,2],"18":[0,2]},"_coverageSchema":"1a1c01bbd47fc00a2c39e90264f33305004495a9","hash":"3e1f0c55e21806636268862ee11db20ecd575a20"}
,"C:\\Users\\15142\\Desktop\\bojan\\amazing\\kkk\\server\\src\\routes\\payments.routes.js": {"path":"C:\\Users\\15142\\Desktop\\bojan\\amazing\\kkk\\server\\src\\routes\\payments.routes.js","statementMap":{"0":{"start":{"line":4,"column":15},"end":{"line":4,"column":23}},"1":{"start":{"line":6,"column":17},"end":{"line":6,"column":59}},"2":{"start":{"line":9,"column":12},"end":{"line":9,"column":25}},"3":{"start":{"line":10,"column":2},"end":{"line":10,"column":40}},"4":{"start":{"line":14,"column":2},"end":{"line":14,"column":73}},"5":{"start":{"line":14,"column":61},"end":{"line":14,"column":73}},"6":{"start":{"line":15,"column":12},"end":{"line":15,"column":27}},"7":{"start":{"line":16,"column":2},"end":{"line":16,"column":46}},"8":{"start":{"line":20,"column":0},"end":{"line":34,"column":3}},"9":{"start":{"line":21,"column":2},"end":{"line":33,"column":3}},"10":{"start":{"line":22,"column":17},"end":{"line":29,"column":6}},"11":{"start":{"line":30,"column":4},"end":{"line":30,"column":19}},"12":{"start":{"line":32,"column":4},"end":{"line":32,"column":64}},"13":{"start":{"line":37,"column":0},"end":{"line":55,"column":3}},"14":{"start":{"line":38,"column":20},"end":{"line":38,"column":46}},"15":{"start":{"line":39,"column":2},"end":{"line":39,"column":87}},"16":{"start":{"line":39,"column":26},"end":{"line":39,"column":87}},"17":{"start":{"line":41,"column":2},"end":{"line":54,"column":3}},"18":{"start":{"line":42,"column":16},"end":{"line":49,"column":6}},"19":{"start":{"line":50,"column":4},"end":{"line":50,"column":74}},"20":{"start":{"line":50,"column":14},"end":{"line":50,"column":74}},"21":{"start":{"line":51,"column":4},"end":{"line":51,"column":18}},"22":{"start":{"line":53,"column":4},"end":{"line":53,"column":63}},"23":{"start":{"line":58,"column":0},"end":{"line":96,"column":3}},"24":{"start":{"line":59,"column":54},"end":{"line":59,"column":68}},"25":{"start":{"line":61,"column":14},"end":{"line":61,"column":41}},"26":{"start":{"line":62,"column":2},"end":{"line":62,"column":112}},"27":{"start":{"line":62,"column":20},"end":{"line":62,"column":112}},"28":{"start":{"line":64,"column":13},"end":{"line":64,"column":34}},"29":{"start":{"line":65,"column":2},"end":{"line":65,"column":98}},"30":{"start":{"line":65,"column":11},"end":{"line":65,"column":98}},"31":{"start":{"line":67,"column":13},"end":{"line":67,"column":68}},"32":{"start":{"line":68,"column":2},"end":{"line":70,"column":3}},"33":{"start":{"line":69,"column":4},"end":{"line":69,"column":84}},"34":{"start":{"line":73,"column":2},"end":{"line":75,"column":3}},"35":{"start":{"line":74,"column":4},"end":{"line":74,"column":104}},"36":{"start":{"line":77,"column":2},"end":{"line":95,"column":3}},"37":{"start":{"line":78,"column":20},"end":{"line":90,"column":6}},"38":{"start":{"line":92,"column":4},"end":{"line":92,"column":34}},"39":{"start":{"line":94,"column":4},"end":{"line":94,"column":86}},"40":{"start":{"line":99,"column":0},"end":{"line":141,"column":3}},"41":{"start":{"line":100,"column":20},"end":{"line":100,"column":46}},"42":{"start":{"line":101,"column":2},"end":{"line":101,"column":87}},"43":{"start":{"line":101,"column":26},"end":{"line":101,"column":87}},"44":{"start":{"line":103,"column":38},"end":{"line":103,"column":52}},"45":{"start":{"line":105,"column":13},"end":{"line":105,"column":70}},"46":{"start":{"line":106,"column":2},"end":{"line":108,"column":3}},"47":{"start":{"line":107,"column":4},"end":{"line":107,"column":75}},"48":{"start":{"line":110,"column":13},"end":{"line":110,"column":68}},"49":{"start":{"line":111,"column":2},"end":{"line":113,"column":3}},"50":{"start":{"line":112,"column":4},"end":{"line":112,"column":84}},"51":{"start":{"line":115,"column":2},"end":{"line":117,"column":3}},"52":{"start":{"line":116,"column":4},"end":{"line":116,"column":88}},"53":{"start":{"line":119,"column":2},"end":{"line":140,"column":3}},"54":{"start":{"line":120,"column":19},"end":{"line":120,"column":76}},"55":{"start":{"line":121,"column":4},"end":{"line":121,"column":77}},"56":{"start":{"line":121,"column":17},"end":{"line":121,"column":77}},"57":{"start":{"line":123,"column":20},"end":{"line":135,"column":6}},"58":{"start":{"line":137,"column":4},"end":{"line":137,"column":22}},"59":{"start":{"line":139,"column":4},"end":{"line":139,"column":64}},"60":{"start":{"line":144,"column":0},"end":{"line":157,"column":3}},"61":{"start":{"line":145,"column":20},"end":{"line":145,"column":46}},"62":{"start":{"line":146,"column":2},"end":{"line":146,"column":87}},"63":{"start":{"line":146,"column":26},"end":{"line":146,"column":87}},"64":{"start":{"line":148,"column":2},"end":{"line":156,"column":3}},"65":{"start":{"line":149,"column":19},"end":{"line":149,"column":76}},"66":{"start":{"line":150,"column":4},"end":{"line":150,"column":77}},"67":{"start":{"line":150,"column":17},"end":{"line":150,"column":77}},"68":{"start":{"line":152,"column":4},"end":{"line":152,"column":58}},"69":{"start":{"line":153,"column":4},"end":{"line":153,"column":27}},"70":{"start":{"line":155,"column":4},"end":{"line":155,"column":64}}},"fnMap":{"0":{"name":"toIntOrNull","decl":{"start":{"line":8,"column":9},"end":{"line":8,"column":20}},"loc":{"start":{"line":8,"column":28},"end":{"line":11,"column":1}},"line":8},"1":{"name":"toDateOrNull","decl":{"start":{"line":13,"column":9},"end":{"line":13,"column":21}},"loc":{"start":{"line":13,"column":29},"end":{"line":17,"column":1}},"line":13},"2":{"name":"(anonymous_2)","decl":{"start":{"line":20,"column":16},"end":{"line":20,"column":17}},"loc":{"start":{"line":20,"column":37},"end":{"line":34,"column":1}},"line":20},"3":{"name":"(anonymous_3)","decl":{"start":{"line":37,"column":19},"end":{"line":37,"column":20}},"loc":{"start":{"line":37,"column":39},"end":{"line":55,"column":1}},"line":37},"4":{"name":"(anonymous_4)","decl":{"start":{"line":58,"column":17},"end":{"line":58,"column":18}},"loc":{"start":{"line":58,"column":37},"end":{"line":96,"column":1}},"line":58},"5":{"name":"(anonymous_5)","decl":{"start":{"line":99,"column":19},"end":{"line":99,"column":20}},"loc":{"start":{"line":99,"column":39},"end":{"line":141,"column":1}},"line":99},"6":{"name":"(anonymous_6)","decl":{"start":{"line":144,"column":22},"end":{"line":144,"column":23}},"loc":{"start":{"line":144,"column":42},"end":{"line":157,"column":1}},"line":144}},"branchMap":{"0":{"loc":{"start":{"line":10,"column":9},"end":{"line":10,"column":39}},"type":"cond-expr","locations":[{"start":{"line":10,"column":31},"end":{"line":10,"column":32}},{"start":{"line":10,"column":35},"end":{"line":10,"column":39}}],"line":10},"1":{"loc":{"start":{"line":14,"column":2},"end":{"line":14,"column":73}},"type":"if","locations":[{"start":{"line":14,"column":2},"end":{"line":14,"column":73}},{"start":{},"end":{}}],"line":14},"2":{"loc":{"start":{"line":14,"column":6},"end":{"line":14,"column":59}},"type":"binary-expr","locations":[{"start":{"line":14,"column":6},"end":{"line":14,"column":20}},{"start":{"line":14,"column":24},"end":{"line":14,"column":43}},{"start":{"line":14,"column":47},"end":{"line":14,"column":59}}],"line":14},"3":{"loc":{"start":{"line":16,"column":9},"end":{"line":16,"column":45}},"type":"cond-expr","locations":[{"start":{"line":16,"column":37},"end":{"line":16,"column":41}},{"start":{"line":16,"column":44},"end":{"line":16,"column":45}}],"line":16},"4":{"loc":{"start":{"line":39,"column":2},"end":{"line":39,"column":87}},"type":"if","locations":[{"start":{"line":39,"column":2},"end":{"line":39,"column":87}},{"start":{},"end":{}}],"line":39},"5":{"loc":{"start":{"line":50,"column":4},"end":{"line":50,"column":74}},"type":"if","locations":[{"start":{"line":50,"column":4},"end":{"line":50,"column":74}},{"start":{},"end":{}}],"line":50},"6":{"loc":{"start":{"line":59,"column":54},"end":{"line":59,"column":68}},"type":"binary-expr","locations":[{"start":{"line":59,"column":54},"end":{"line":59,"column":62}},{"start":{"line":59,"column":66},"end":{"line":59,"column":68}}],"line":59},"7":{"loc":{"start":{"line":62,"column":2},"end":{"line":62,"column":112}},"type":"if","locations":[{"start":{"line":62,"column":2},"end":{"line":62,"column":112}},{"start":{},"end":{}}],"line":62},"8":{"loc":{"start":{"line":65,"column":2},"end":{"line":65,"column":98}},"type":"if","locations":[{"start":{"line":65,"column":2},"end":{"line":65,"column":98}},{"start":{},"end":{}}],"line":65},"9":{"loc":{"start":{"line":67,"column":13},"end":{"line":67,"column":68}},"type":"cond-expr","locations":[{"start":{"line":67,"column":36},"end":{"line":67,"column":45}},{"start":{"line":67,"column":48},"end":{"line":67,"column":68}}],"line":67},"10":{"loc":{"start":{"line":68,"column":2},"end":{"line":70,"column":3}},"type":"if","locations":[{"start":{"line":68,"column":2},"end":{"line":70,"column":3}},{"start":{},"end":{}}],"line":68},"11":{"loc":{"start":{"line":68,"column":6},"end":{"line":68,"column":77}},"type":"binary-expr","locations":[{"start":{"line":68,"column":6},"end":{"line":68,"column":26}},{"start":{"line":68,"column":30},"end":{"line":68,"column":45}},{"start":{"line":68,"column":49},"end":{"line":68,"column":62}},{"start":{"line":68,"column":66},"end":{"line":68,"column":77}}],"line":68},"12":{"loc":{"start":{"line":73,"column":2},"end":{"line":75,"column":3}},"type":"if","locations":[{"start":{"line":73,"column":2},"end":{"line":75,"column":3}},{"start":{},"end":{}}],"line":73},"13":{"loc":{"start":{"line":73,"column":6},"end":{"line":73,"column":38}},"type":"binary-expr","locations":[{"start":{"line":73,"column":6},"end":{"line":73,"column":13}},{"start":{"line":73,"column":17},"end":{"line":73,"column":38}}],"line":73},"14":{"loc":{"start":{"line":82,"column":16},"end":{"line":82,"column":48}},"type":"cond-expr","locations":[{"start":{"line":82,"column":39},"end":{"line":82,"column":43}},{"start":{"line":82,"column":46},"end":{"line":82,"column":48}}],"line":82},"15":{"loc":{"start":{"line":101,"column":2},"end":{"line":101,"column":87}},"type":"if","locations":[{"start":{"line":101,"column":2},"end":{"line":101,"column":87}},{"start":{},"end":{}}],"line":101},"16":{"loc":{"start":{"line":103,"column":38},"end":{"line":103,"column":52}},"type":"binary-expr","locations":[{"start":{"line":103,"column":38},"end":{"line":103,"column":46}},{"start":{"line":103,"column":50},"end":{"line":103,"column":52}}],"line":103},"17":{"loc":{"start":{"line":105,"column":13},"end":{"line":105,"column":70}},"type":"cond-expr","locations":[{"start":{"line":105,"column":37},"end":{"line":105,"column":46}},{"start":{"line":105,"column":49},"end":{"line":105,"column":70}}],"line":105},"18":{"loc":{"start":{"line":106,"column":2},"end":{"line":108,"column":3}},"type":"if","locations":[{"start":{"line":106,"column":2},"end":{"line":108,"column":3}},{"start":{},"end":{}}],"line":106},"19":{"loc":{"start":{"line":106,"column":6},"end":{"line":106,"column":34}},"type":"binary-expr","locations":[{"start":{"line":106,"column":6},"end":{"line":106,"column":27}},{"start":{"line":106,"column":31},"end":{"line":106,"column":34}}],"line":106},"20":{"loc":{"start":{"line":110,"column":13},"end":{"line":110,"column":68}},"type":"cond-expr","locations":[{"start":{"line":110,"column":36},"end":{"line":110,"column":45}},{"start":{"line":110,"column":48},"end":{"line":110,"column":68}}],"line":110},"21":{"loc":{"start":{"line":111,"column":2},"end":{"line":113,"column":3}},"type":"if","locations":[{"start":{"line":111,"column":2},"end":{"line":113,"column":3}},{"start":{},"end":{}}],"line":111},"22":{"loc":{"start":{"line":111,"column":6},"end":{"line":111,"column":77}},"type":"binary-expr","locations":[{"start":{"line":111,"column":6},"end":{"line":111,"column":26}},{"start":{"line":111,"column":30},"end":{"line":111,"column":45}},{"start":{"line":111,"column":49},"end":{"line":111,"column":62}},{"start":{"line":111,"column":66},"end":{"line":111,"column":77}}],"line":111},"23":{"loc":{"start":{"line":115,"column":2},"end":{"line":117,"column":3}},"type":"if","locations":[{"start":{"line":115,"column":2},"end":{"line":117,"column":3}},{"start":{},"end":{}}],"line":115},"24":{"loc":{"start":{"line":115,"column":6},"end":{"line":115,"column":51}},"type":"binary-expr","locations":[{"start":{"line":115,"column":6},"end":{"line":115,"column":26}},{"start":{"line":115,"column":30},"end":{"line":115,"column":51}}],"line":115},"25":{"loc":{"start":{"line":121,"column":4},"end":{"line":121,"column":77}},"type":"if","locations":[{"start":{"line":121,"column":4},"end":{"line":121,"column":77}},{"start":{},"end":{}}],"line":121},"26":{"loc":{"start":{"line":127,"column":16},"end":{"line":127,"column":71}},"type":"cond-expr","locations":[{"start":{"line":127,"column":39},"end":{"line":127,"column":48}},{"start":{"line":127,"column":52},"end":{"line":127,"column":70}}],"line":127},"27":{"loc":{"start":{"line":127,"column":52},"end":{"line":127,"column":70}},"type":"cond-expr","locations":[{"start":{"line":127,"column":61},"end":{"line":127,"column":63}},{"start":{"line":127,"column":66},"end":{"line":127,"column":70}}],"line":127},"28":{"loc":{"start":{"line":146,"column":2},"end":{"line":146,"column":87}},"type":"if","locations":[{"start":{"line":146,"column":2},"end":{"line":146,"column":87}},{"start":{},"end":{}}],"line":146},"29":{"loc":{"start":{"line":150,"column":4},"end":{"line":150,"column":77}},"type":"if","locations":[{"start":{"line":150,"column":4},"end":{"line":150,"column":77}},{"start":{},"end":{}}],"line":150}},"s":{"0":4,"1":4,"2":10,"3":10,"4":5,"5":1,"6":4,"7":4,"8":4,"9":1,"10":1,"11":1,"12":0,"13":4,"14":2,"15":2,"16":1,"17":1,"18":1,"19":1,"20":1,"21":0,"22":0,"23":4,"24":4,"25":4,"26":4,"27":1,"28":3,"29":3,"30":1,"31":2,"32":2,"33":0,"34":2,"35":1,"36":1,"37":1,"38":1,"39":0,"40":4,"41":3,"42":3,"43":0,"44":3,"45":3,"46":3,"47":1,"48":2,"49":2,"50":0,"51":2,"52":0,"53":2,"54":2,"55":2,"56":1,"57":1,"58":1,"59":0,"60":4,"61":1,"62":1,"63":0,"64":1,"65":1,"66":1,"67":0,"68":1,"69":1,"70":0},"f":{"0":10,"1":5,"2":1,"3":2,"4":4,"5":3,"6":1},"b":{"0":[8,2],"1":[1,4],"2":[5,5,5],"3":[2,2],"4":[1,1],"5":[1,0],"6":[4,0],"7":[1,3],"8":[1,2],"9":[2,0],"10":[0,2],"11":[2,0,0,0],"12":[1,1],"13":[2,2],"14":[1,0],"15":[0,3],"16":[3,0],"17":[2,1],"18":[1,2],"19":[3,1],"20":[1,1],"21":[0,2],"22":[2,1,1,0],"23":[0,2],"24":[2,2],"25":[1,1],"26":[0,1],"27":[0,1],"28":[0,1],"29":[0,1]},"_coverageSchema":"1a1c01bbd47fc00a2c39e90264f33305004495a9","hash":"d2e04bb08e38ad03767e514cee8ad5dee674f0f2"}
,"C:\\Users\\15142\\Desktop\\bojan\\amazing\\kkk\\server\\src\\routes\\seed.routes.js": {"path":"C:\\Users\\15142\\Desktop\\bojan\\amazing\\kkk\\server\\src\\routes\\seed.routes.js","statementMap":{"0":{"start":{"line":5,"column":15},"end":{"line":5,"column":31}},"1":{"start":{"line":7,"column":0},"end":{"line":9,"column":3}},"2":{"start":{"line":8,"column":2},"end":{"line":8,"column":55}},"3":{"start":{"line":13,"column":2},"end":{"line":23,"column":5}},"4":{"start":{"line":14,"column":18},"end":{"line":14,"column":47}},"5":{"start":{"line":16,"column":14},"end":{"line":16,"column":16}},"6":{"start":{"line":17,"column":14},"end":{"line":17,"column":16}},"7":{"start":{"line":19,"column":4},"end":{"line":19,"column":58}},"8":{"start":{"line":19,"column":36},"end":{"line":19,"column":55}},"9":{"start":{"line":20,"column":4},"end":{"line":20,"column":58}},"10":{"start":{"line":20,"column":36},"end":{"line":20,"column":55}},"11":{"start":{"line":22,"column":4},"end":{"line":22,"column":61}},"12":{"start":{"line":22,"column":32},"end":{"line":22,"column":59}},"13":{"start":{"line":27,"column":0},"end":{"line":100,"column":3}},"14":{"start":{"line":28,"column":2},"end":{"line":28,"column":54}},"15":{"start":{"line":37,"column":6},"end":{"line":37,"column":20}},"16":{"start":{"line":42,"column":14},"end":{"line":56,"column":3}},"17":{"start":{"line":58,"column":2},"end":{"line":99,"column":3}},"18":{"start":{"line":60,"column":17},"end":{"line":73,"column":5}},"19":{"start":{"line":75,"column":4},"end":{"line":82,"column":5}},"20":{"start":{"line":76,"column":6},"end":{"line":76,"column":80}},"21":{"start":{"line":77,"column":6},"end":{"line":81,"column":9}},"22":{"start":{"line":85,"column":16},"end":{"line":88,"column":6}},"23":{"start":{"line":90,"column":4},"end":{"line":93,"column":5}},"24":{"start":{"line":91,"column":6},"end":{"line":91,"column":60}},"25":{"start":{"line":92,"column":6},"end":{"line":92,"column":90}},"26":{"start":{"line":95,"column":4},"end":{"line":95,"column":48}},"27":{"start":{"line":97,"column":4},"end":{"line":97,"column":51}},"28":{"start":{"line":98,"column":4},"end":{"line":98,"column":63}}},"fnMap":{"0":{"name":"(anonymous_0)","decl":{"start":{"line":7,"column":26},"end":{"line":7,"column":27}},"loc":{"start":{"line":7,"column":40},"end":{"line":9,"column":1}},"line":7},"1":{"name":"runChild","decl":{"start":{"line":12,"column":9},"end":{"line":12,"column":17}},"loc":{"start":{"line":12,"column":47},"end":{"line":24,"column":1}},"line":12},"2":{"name":"(anonymous_2)","decl":{"start":{"line":13,"column":21},"end":{"line":13,"column":22}},"loc":{"start":{"line":13,"column":34},"end":{"line":23,"column":3}},"line":13},"3":{"name":"(anonymous_3)","decl":{"start":{"line":19,"column":28},"end":{"line":19,"column":29}},"loc":{"start":{"line":19,"column":36},"end":{"line":19,"column":55}},"line":19},"4":{"name":"(anonymous_4)","decl":{"start":{"line":20,"column":28},"end":{"line":20,"column":29}},"loc":{"start":{"line":20,"column":36},"end":{"line":20,"column":55}},"line":20},"5":{"name":"(anonymous_5)","decl":{"start":{"line":22,"column":22},"end":{"line":22,"column":23}},"loc":{"start":{"line":22,"column":32},"end":{"line":22,"column":59}},"line":22},"6":{"name":"(anonymous_6)","decl":{"start":{"line":27,"column":27},"end":{"line":27,"column":28}},"loc":{"start":{"line":27,"column":47},"end":{"line":100,"column":1}},"line":27}},"branchMap":{"0":{"loc":{"start":{"line":12,"column":33},"end":{"line":12,"column":45}},"type":"default-arg","locations":[{"start":{"line":12,"column":43},"end":{"line":12,"column":45}}],"line":12},"1":{"loc":{"start":{"line":37,"column":6},"end":{"line":37,"column":20}},"type":"binary-expr","locations":[{"start":{"line":37,"column":6},"end":{"line":37,"column":14}},{"start":{"line":37,"column":18},"end":{"line":37,"column":20}}],"line":37},"2":{"loc":{"start":{"line":44,"column":27},"end":{"line":44,"column":47}},"type":"binary-expr","locations":[{"start":{"line":44,"column":27},"end":{"line":44,"column":40}},{"start":{"line":44,"column":44},"end":{"line":44,"column":47}}],"line":44},"3":{"loc":{"start":{"line":45,"column":31},"end":{"line":45,"column":55}},"type":"binary-expr","locations":[{"start":{"line":45,"column":31},"end":{"line":45,"column":48}},{"start":{"line":45,"column":52},"end":{"line":45,"column":55}}],"line":45},"4":{"loc":{"start":{"line":47,"column":6},"end":{"line":47,"column":84}},"type":"cond-expr","locations":[{"start":{"line":47,"column":56},"end":{"line":47,"column":59}},{"start":{"line":47,"column":62},"end":{"line":47,"column":84}}],"line":47},"5":{"loc":{"start":{"line":47,"column":6},"end":{"line":47,"column":53}},"type":"binary-expr","locations":[{"start":{"line":47,"column":6},"end":{"line":47,"column":27}},{"start":{"line":47,"column":31},"end":{"line":47,"column":53}}],"line":47},"6":{"loc":{"start":{"line":48,"column":25},"end":{"line":48,"column":53}},"type":"cond-expr","locations":[{"start":{"line":48,"column":44},"end":{"line":48,"column":47}},{"start":{"line":48,"column":50},"end":{"line":48,"column":53}}],"line":48},"7":{"loc":{"start":{"line":49,"column":23},"end":{"line":49,"column":52}},"type":"binary-expr","locations":[{"start":{"line":49,"column":23},"end":{"line":49,"column":39}},{"start":{"line":49,"column":43},"end":{"line":49,"column":52}}],"line":49},"8":{"loc":{"start":{"line":52,"column":16},"end":{"line":52,"column":33}},"type":"cond-expr","locations":[{"start":{"line":52,"column":24},"end":{"line":52,"column":27}},{"start":{"line":52,"column":30},"end":{"line":52,"column":33}}],"line":52},"9":{"loc":{"start":{"line":75,"column":4},"end":{"line":82,"column":5}},"type":"if","locations":[{"start":{"line":75,"column":4},"end":{"line":82,"column":5}},{"start":{},"end":{}}],"line":75},"10":{"loc":{"start":{"line":76,"column":58},"end":{"line":76,"column":78}},"type":"binary-expr","locations":[{"start":{"line":76,"column":58},"end":{"line":76,"column":66}},{"start":{"line":76,"column":70},"end":{"line":76,"column":78}}],"line":76},"11":{"loc":{"start":{"line":80,"column":46},"end":{"line":80,"column":66}},"type":"binary-expr","locations":[{"start":{"line":80,"column":46},"end":{"line":80,"column":54}},{"start":{"line":80,"column":58},"end":{"line":80,"column":66}}],"line":80},"12":{"loc":{"start":{"line":90,"column":4},"end":{"line":93,"column":5}},"type":"if","locations":[{"start":{"line":90,"column":4},"end":{"line":93,"column":5}},{"start":{},"end":{}}],"line":90},"13":{"loc":{"start":{"line":91,"column":40},"end":{"line":91,"column":58}},"type":"binary-expr","locations":[{"start":{"line":91,"column":40},"end":{"line":91,"column":47}},{"start":{"line":91,"column":51},"end":{"line":91,"column":58}}],"line":91},"14":{"loc":{"start":{"line":92,"column":68},"end":{"line":92,"column":86}},"type":"binary-expr","locations":[{"start":{"line":92,"column":68},"end":{"line":92,"column":75}},{"start":{"line":92,"column":79},"end":{"line":92,"column":86}}],"line":92}},"s":{"0":5,"1":5,"2":1,"3":6,"4":6,"5":5,"6":5,"7":5,"8":3,"9":5,"10":2,"11":5,"12":5,"13":5,"14":4,"15":4,"16":4,"17":4,"18":4,"19":3,"20":1,"21":1,"22":2,"23":2,"24":1,"25":1,"26":1,"27":1,"28":1},"f":{"0":1,"1":6,"2":6,"3":3,"4":2,"5":5,"6":4},"b":{"0":[0],"1":[4,0],"2":[4,1],"3":[4,1],"4":[4,0],"5":[4,3],"6":[1,3],"7":[4,1],"8":[1,3],"9":[1,2],"10":[1,0],"11":[1,0],"12":[1,1],"13":[1,0],"14":[1,0]},"_coverageSchema":"1a1c01bbd47fc00a2c39e90264f33305004495a9","hash":"7e17dde5d46f21d43382a30773d8e0a550681ef3"}
,"C:\\Users\\15142\\Desktop\\bojan\\amazing\\kkk\\server\\src\\routes\\subscriptions.routes.js": {"path":"C:\\Users\\15142\\Desktop\\bojan\\amazing\\kkk\\server\\src\\routes\\subscriptions.routes.js","statementMap":{"0":{"start":{"line":4,"column":15},"end":{"line":4,"column":23}},"1":{"start":{"line":6,"column":23},"end":{"line":6,"column":53}},"2":{"start":{"line":7,"column":17},"end":{"line":7,"column":58}},"3":{"start":{"line":10,"column":12},"end":{"line":10,"column":25}},"4":{"start":{"line":11,"column":2},"end":{"line":11,"column":40}},"5":{"start":{"line":15,"column":2},"end":{"line":15,"column":73}},"6":{"start":{"line":15,"column":61},"end":{"line":15,"column":73}},"7":{"start":{"line":16,"column":12},"end":{"line":16,"column":27}},"8":{"start":{"line":17,"column":2},"end":{"line":17,"column":46}},"9":{"start":{"line":21,"column":0},"end":{"line":34,"column":3}},"10":{"start":{"line":22,"column":2},"end":{"line":33,"column":3}},"11":{"start":{"line":23,"column":17},"end":{"line":29,"column":6}},"12":{"start":{"line":30,"column":4},"end":{"line":30,"column":19}},"13":{"start":{"line":32,"column":4},"end":{"line":32,"column":69}},"14":{"start":{"line":37,"column":0},"end":{"line":55,"column":3}},"15":{"start":{"line":38,"column":25},"end":{"line":38,"column":51}},"16":{"start":{"line":39,"column":2},"end":{"line":39,"column":97}},"17":{"start":{"line":39,"column":31},"end":{"line":39,"column":97}},"18":{"start":{"line":41,"column":2},"end":{"line":54,"column":3}},"19":{"start":{"line":42,"column":16},"end":{"line":49,"column":6}},"20":{"start":{"line":50,"column":4},"end":{"line":50,"column":79}},"21":{"start":{"line":50,"column":14},"end":{"line":50,"column":79}},"22":{"start":{"line":51,"column":4},"end":{"line":51,"column":18}},"23":{"start":{"line":53,"column":4},"end":{"line":53,"column":68}},"24":{"start":{"line":58,"column":0},"end":{"line":112,"column":3}},"25":{"start":{"line":59,"column":85},"end":{"line":59,"column":99}},"26":{"start":{"line":61,"column":14},"end":{"line":61,"column":37}},"27":{"start":{"line":62,"column":14},"end":{"line":62,"column":36}},"28":{"start":{"line":63,"column":13},"end":{"line":63,"column":31}},"29":{"start":{"line":65,"column":2},"end":{"line":65,"column":108}},"30":{"start":{"line":65,"column":20},"end":{"line":65,"column":108}},"31":{"start":{"line":66,"column":2},"end":{"line":66,"column":107}},"32":{"start":{"line":66,"column":20},"end":{"line":66,"column":107}},"33":{"start":{"line":68,"column":2},"end":{"line":70,"column":3}},"34":{"start":{"line":69,"column":4},"end":{"line":69,"column":85}},"35":{"start":{"line":72,"column":2},"end":{"line":74,"column":3}},"36":{"start":{"line":73,"column":4},"end":{"line":73,"column":105}},"37":{"start":{"line":75,"column":2},"end":{"line":77,"column":3}},"38":{"start":{"line":76,"column":4},"end":{"line":76,"column":83}},"39":{"start":{"line":79,"column":13},"end":{"line":79,"column":74}},"40":{"start":{"line":80,"column":2},"end":{"line":82,"column":3}},"41":{"start":{"line":81,"column":4},"end":{"line":81,"column":90}},"42":{"start":{"line":84,"column":13},"end":{"line":84,"column":70}},"43":{"start":{"line":85,"column":2},"end":{"line":87,"column":3}},"44":{"start":{"line":86,"column":4},"end":{"line":86,"column":85}},"45":{"start":{"line":89,"column":2},"end":{"line":111,"column":3}},"46":{"start":{"line":90,"column":20},"end":{"line":104,"column":6}},"47":{"start":{"line":106,"column":4},"end":{"line":106,"column":34}},"48":{"start":{"line":108,"column":4},"end":{"line":110,"column":7}},"49":{"start":{"line":115,"column":0},"end":{"line":166,"column":3}},"50":{"start":{"line":116,"column":25},"end":{"line":116,"column":51}},"51":{"start":{"line":117,"column":2},"end":{"line":117,"column":97}},"52":{"start":{"line":117,"column":31},"end":{"line":117,"column":97}},"53":{"start":{"line":119,"column":62},"end":{"line":119,"column":76}},"54":{"start":{"line":121,"column":2},"end":{"line":123,"column":3}},"55":{"start":{"line":122,"column":4},"end":{"line":122,"column":85}},"56":{"start":{"line":124,"column":2},"end":{"line":126,"column":3}},"57":{"start":{"line":125,"column":4},"end":{"line":125,"column":89}},"58":{"start":{"line":128,"column":13},"end":{"line":128,"column":65}},"59":{"start":{"line":129,"column":2},"end":{"line":131,"column":3}},"60":{"start":{"line":130,"column":4},"end":{"line":130,"column":83}},"61":{"start":{"line":133,"column":13},"end":{"line":133,"column":74}},"62":{"start":{"line":134,"column":2},"end":{"line":136,"column":3}},"63":{"start":{"line":135,"column":4},"end":{"line":135,"column":87}},"64":{"start":{"line":138,"column":13},"end":{"line":138,"column":70}},"65":{"start":{"line":139,"column":2},"end":{"line":141,"column":3}},"66":{"start":{"line":140,"column":4},"end":{"line":140,"column":85}},"67":{"start":{"line":143,"column":2},"end":{"line":165,"column":3}},"68":{"start":{"line":144,"column":19},"end":{"line":144,"column":86}},"69":{"start":{"line":145,"column":4},"end":{"line":145,"column":82}},"70":{"start":{"line":145,"column":17},"end":{"line":145,"column":82}},"71":{"start":{"line":147,"column":20},"end":{"line":160,"column":6}},"72":{"start":{"line":162,"column":4},"end":{"line":162,"column":22}},"73":{"start":{"line":164,"column":4},"end":{"line":164,"column":69}},"74":{"start":{"line":169,"column":0},"end":{"line":182,"column":3}},"75":{"start":{"line":170,"column":25},"end":{"line":170,"column":51}},"76":{"start":{"line":171,"column":2},"end":{"line":171,"column":97}},"77":{"start":{"line":171,"column":31},"end":{"line":171,"column":97}},"78":{"start":{"line":173,"column":2},"end":{"line":181,"column":3}},"79":{"start":{"line":174,"column":19},"end":{"line":174,"column":86}},"80":{"start":{"line":175,"column":4},"end":{"line":175,"column":82}},"81":{"start":{"line":175,"column":17},"end":{"line":175,"column":82}},"82":{"start":{"line":177,"column":4},"end":{"line":177,"column":68}},"83":{"start":{"line":178,"column":4},"end":{"line":178,"column":27}},"84":{"start":{"line":180,"column":4},"end":{"line":180,"column":69}}},"fnMap":{"0":{"name":"toIntOrNull","decl":{"start":{"line":9,"column":9},"end":{"line":9,"column":20}},"loc":{"start":{"line":9,"column":28},"end":{"line":12,"column":1}},"line":9},"1":{"name":"toDateOrNull","decl":{"start":{"line":14,"column":9},"end":{"line":14,"column":21}},"loc":{"start":{"line":14,"column":29},"end":{"line":18,"column":1}},"line":14},"2":{"name":"(anonymous_2)","decl":{"start":{"line":21,"column":16},"end":{"line":21,"column":17}},"loc":{"start":{"line":21,"column":37},"end":{"line":34,"column":1}},"line":21},"3":{"name":"(anonymous_3)","decl":{"start":{"line":37,"column":19},"end":{"line":37,"column":20}},"loc":{"start":{"line":37,"column":39},"end":{"line":55,"column":1}},"line":37},"4":{"name":"(anonymous_4)","decl":{"start":{"line":58,"column":17},"end":{"line":58,"column":18}},"loc":{"start":{"line":58,"column":37},"end":{"line":112,"column":1}},"line":58},"5":{"name":"(anonymous_5)","decl":{"start":{"line":115,"column":19},"end":{"line":115,"column":20}},"loc":{"start":{"line":115,"column":39},"end":{"line":166,"column":1}},"line":115},"6":{"name":"(anonymous_6)","decl":{"start":{"line":169,"column":22},"end":{"line":169,"column":23}},"loc":{"start":{"line":169,"column":42},"end":{"line":182,"column":1}},"line":169}},"branchMap":{"0":{"loc":{"start":{"line":11,"column":9},"end":{"line":11,"column":39}},"type":"cond-expr","locations":[{"start":{"line":11,"column":31},"end":{"line":11,"column":32}},{"start":{"line":11,"column":35},"end":{"line":11,"column":39}}],"line":11},"1":{"loc":{"start":{"line":15,"column":2},"end":{"line":15,"column":73}},"type":"if","locations":[{"start":{"line":15,"column":2},"end":{"line":15,"column":73}},{"start":{},"end":{}}],"line":15},"2":{"loc":{"start":{"line":15,"column":6},"end":{"line":15,"column":59}},"type":"binary-expr","locations":[{"start":{"line":15,"column":6},"end":{"line":15,"column":20}},{"start":{"line":15,"column":24},"end":{"line":15,"column":43}},{"start":{"line":15,"column":47},"end":{"line":15,"column":59}}],"line":15},"3":{"loc":{"start":{"line":17,"column":9},"end":{"line":17,"column":45}},"type":"cond-expr","locations":[{"start":{"line":17,"column":37},"end":{"line":17,"column":41}},{"start":{"line":17,"column":44},"end":{"line":17,"column":45}}],"line":17},"4":{"loc":{"start":{"line":39,"column":2},"end":{"line":39,"column":97}},"type":"if","locations":[{"start":{"line":39,"column":2},"end":{"line":39,"column":97}},{"start":{},"end":{}}],"line":39},"5":{"loc":{"start":{"line":50,"column":4},"end":{"line":50,"column":79}},"type":"if","locations":[{"start":{"line":50,"column":4},"end":{"line":50,"column":79}},{"start":{},"end":{}}],"line":50},"6":{"loc":{"start":{"line":59,"column":85},"end":{"line":59,"column":99}},"type":"binary-expr","locations":[{"start":{"line":59,"column":85},"end":{"line":59,"column":93}},{"start":{"line":59,"column":97},"end":{"line":59,"column":99}}],"line":59},"7":{"loc":{"start":{"line":65,"column":2},"end":{"line":65,"column":108}},"type":"if","locations":[{"start":{"line":65,"column":2},"end":{"line":65,"column":108}},{"start":{},"end":{}}],"line":65},"8":{"loc":{"start":{"line":66,"column":2},"end":{"line":66,"column":107}},"type":"if","locations":[{"start":{"line":66,"column":2},"end":{"line":66,"column":107}},{"start":{},"end":{}}],"line":66},"9":{"loc":{"start":{"line":68,"column":2},"end":{"line":70,"column":3}},"type":"if","locations":[{"start":{"line":68,"column":2},"end":{"line":70,"column":3}},{"start":{},"end":{}}],"line":68},"10":{"loc":{"start":{"line":68,"column":6},"end":{"line":68,"column":56}},"type":"binary-expr","locations":[{"start":{"line":68,"column":6},"end":{"line":68,"column":19}},{"start":{"line":68,"column":23},"end":{"line":68,"column":56}}],"line":68},"11":{"loc":{"start":{"line":72,"column":2},"end":{"line":74,"column":3}},"type":"if","locations":[{"start":{"line":72,"column":2},"end":{"line":74,"column":3}},{"start":{},"end":{}}],"line":72},"12":{"loc":{"start":{"line":72,"column":6},"end":{"line":72,"column":38}},"type":"binary-expr","locations":[{"start":{"line":72,"column":6},"end":{"line":72,"column":13}},{"start":{"line":72,"column":17},"end":{"line":72,"column":38}}],"line":72},"13":{"loc":{"start":{"line":75,"column":2},"end":{"line":77,"column":3}},"type":"if","locations":[{"start":{"line":75,"column":2},"end":{"line":77,"column":3}},{"start":{},"end":{}}],"line":75},"14":{"loc":{"start":{"line":75,"column":6},"end":{"line":75,"column":27}},"type":"binary-expr","locations":[{"start":{"line":75,"column":6},"end":{"line":75,"column":17}},{"start":{"line":75,"column":21},"end":{"line":75,"column":27}}],"line":75},"15":{"loc":{"start":{"line":79,"column":13},"end":{"line":79,"column":74}},"type":"cond-expr","locations":[{"start":{"line":79,"column":39},"end":{"line":79,"column":48}},{"start":{"line":79,"column":51},"end":{"line":79,"column":74}}],"line":79},"16":{"loc":{"start":{"line":80,"column":2},"end":{"line":82,"column":3}},"type":"if","locations":[{"start":{"line":80,"column":2},"end":{"line":82,"column":3}},{"start":{},"end":{}}],"line":80},"17":{"loc":{"start":{"line":80,"column":6},"end":{"line":80,"column":86}},"type":"binary-expr","locations":[{"start":{"line":80,"column":6},"end":{"line":80,"column":29}},{"start":{"line":80,"column":33},"end":{"line":80,"column":51}},{"start":{"line":80,"column":55},"end":{"line":80,"column":71}},{"start":{"line":80,"column":75},"end":{"line":80,"column":86}}],"line":80},"18":{"loc":{"start":{"line":84,"column":13},"end":{"line":84,"column":70}},"type":"cond-expr","locations":[{"start":{"line":84,"column":37},"end":{"line":84,"column":46}},{"start":{"line":84,"column":49},"end":{"line":84,"column":70}}],"line":84},"19":{"loc":{"start":{"line":85,"column":2},"end":{"line":87,"column":3}},"type":"if","locations":[{"start":{"line":85,"column":2},"end":{"line":87,"column":3}},{"start":{},"end":{}}],"line":85},"20":{"loc":{"start":{"line":85,"column":6},"end":{"line":85,"column":80}},"type":"binary-expr","locations":[{"start":{"line":85,"column":6},"end":{"line":85,"column":27}},{"start":{"line":85,"column":31},"end":{"line":85,"column":47}},{"start":{"line":85,"column":51},"end":{"line":85,"column":65}},{"start":{"line":85,"column":69},"end":{"line":85,"column":80}}],"line":85},"21":{"loc":{"start":{"line":96,"column":19},"end":{"line":96,"column":52}},"type":"cond-expr","locations":[{"start":{"line":96,"column":38},"end":{"line":96,"column":47}},{"start":{"line":96,"column":50},"end":{"line":96,"column":52}}],"line":96},"22":{"loc":{"start":{"line":97,"column":17},"end":{"line":97,"column":50}},"type":"cond-expr","locations":[{"start":{"line":97,"column":36},"end":{"line":97,"column":45}},{"start":{"line":97,"column":48},"end":{"line":97,"column":50}}],"line":97},"23":{"loc":{"start":{"line":117,"column":2},"end":{"line":117,"column":97}},"type":"if","locations":[{"start":{"line":117,"column":2},"end":{"line":117,"column":97}},{"start":{},"end":{}}],"line":117},"24":{"loc":{"start":{"line":119,"column":62},"end":{"line":119,"column":76}},"type":"binary-expr","locations":[{"start":{"line":119,"column":62},"end":{"line":119,"column":70}},{"start":{"line":119,"column":74},"end":{"line":119,"column":76}}],"line":119},"25":{"loc":{"start":{"line":121,"column":2},"end":{"line":123,"column":3}},"type":"if","locations":[{"start":{"line":121,"column":2},"end":{"line":123,"column":3}},{"start":{},"end":{}}],"line":121},"26":{"loc":{"start":{"line":121,"column":6},"end":{"line":121,"column":69}},"type":"binary-expr","locations":[{"start":{"line":121,"column":6},"end":{"line":121,"column":32}},{"start":{"line":121,"column":36},"end":{"line":121,"column":69}}],"line":121},"27":{"loc":{"start":{"line":124,"column":2},"end":{"line":126,"column":3}},"type":"if","locations":[{"start":{"line":124,"column":2},"end":{"line":126,"column":3}},{"start":{},"end":{}}],"line":124},"28":{"loc":{"start":{"line":124,"column":6},"end":{"line":124,"column":51}},"type":"binary-expr","locations":[{"start":{"line":124,"column":6},"end":{"line":124,"column":26}},{"start":{"line":124,"column":30},"end":{"line":124,"column":51}}],"line":124},"29":{"loc":{"start":{"line":128,"column":13},"end":{"line":128,"column":65}},"type":"cond-expr","locations":[{"start":{"line":128,"column":35},"end":{"line":128,"column":44}},{"start":{"line":128,"column":47},"end":{"line":128,"column":65}}],"line":128},"30":{"loc":{"start":{"line":129,"column":2},"end":{"line":131,"column":3}},"type":"if","locations":[{"start":{"line":129,"column":2},"end":{"line":131,"column":3}},{"start":{},"end":{}}],"line":129},"31":{"loc":{"start":{"line":129,"column":6},"end":{"line":129,"column":49}},"type":"binary-expr","locations":[{"start":{"line":129,"column":6},"end":{"line":129,"column":22}},{"start":{"line":129,"column":27},"end":{"line":129,"column":38}},{"start":{"line":129,"column":42},"end":{"line":129,"column":48}}],"line":129},"32":{"loc":{"start":{"line":133,"column":13},"end":{"line":133,"column":74}},"type":"cond-expr","locations":[{"start":{"line":133,"column":39},"end":{"line":133,"column":48}},{"start":{"line":133,"column":51},"end":{"line":133,"column":74}}],"line":133},"33":{"loc":{"start":{"line":134,"column":2},"end":{"line":136,"column":3}},"type":"if","locations":[{"start":{"line":134,"column":2},"end":{"line":136,"column":3}},{"start":{},"end":{}}],"line":134},"34":{"loc":{"start":{"line":134,"column":6},"end":{"line":134,"column":86}},"type":"binary-expr","locations":[{"start":{"line":134,"column":6},"end":{"line":134,"column":29}},{"start":{"line":134,"column":33},"end":{"line":134,"column":51}},{"start":{"line":134,"column":55},"end":{"line":134,"column":71}},{"start":{"line":134,"column":75},"end":{"line":134,"column":86}}],"line":134},"35":{"loc":{"start":{"line":138,"column":13},"end":{"line":138,"column":70}},"type":"cond-expr","locations":[{"start":{"line":138,"column":37},"end":{"line":138,"column":46}},{"start":{"line":138,"column":49},"end":{"line":138,"column":70}}],"line":138},"36":{"loc":{"start":{"line":139,"column":2},"end":{"line":141,"column":3}},"type":"if","locations":[{"start":{"line":139,"column":2},"end":{"line":141,"column":3}},{"start":{},"end":{}}],"line":139},"37":{"loc":{"start":{"line":139,"column":6},"end":{"line":139,"column":80}},"type":"binary-expr","locations":[{"start":{"line":139,"column":6},"end":{"line":139,"column":27}},{"start":{"line":139,"column":31},"end":{"line":139,"column":47}},{"start":{"line":139,"column":51},"end":{"line":139,"column":65}},{"start":{"line":139,"column":69},"end":{"line":139,"column":80}}],"line":139},"38":{"loc":{"start":{"line":145,"column":4},"end":{"line":145,"column":82}},"type":"if","locations":[{"start":{"line":145,"column":4},"end":{"line":145,"column":82}},{"start":{},"end":{}}],"line":145},"39":{"loc":{"start":{"line":152,"column":19},"end":{"line":152,"column":59}},"type":"cond-expr","locations":[{"start":{"line":152,"column":45},"end":{"line":152,"column":54}},{"start":{"line":152,"column":57},"end":{"line":152,"column":59}}],"line":152},"40":{"loc":{"start":{"line":153,"column":17},"end":{"line":153,"column":55}},"type":"cond-expr","locations":[{"start":{"line":153,"column":41},"end":{"line":153,"column":50}},{"start":{"line":153,"column":53},"end":{"line":153,"column":55}}],"line":153},"41":{"loc":{"start":{"line":171,"column":2},"end":{"line":171,"column":97}},"type":"if","locations":[{"start":{"line":171,"column":2},"end":{"line":171,"column":97}},{"start":{},"end":{}}],"line":171},"42":{"loc":{"start":{"line":175,"column":4},"end":{"line":175,"column":82}},"type":"if","locations":[{"start":{"line":175,"column":4},"end":{"line":175,"column":82}},{"start":{},"end":{}}],"line":175}},"s":{"0":4,"1":4,"2":4,"3":21,"4":21,"5":4,"6":1,"7":3,"8":3,"9":4,"10":1,"11":1,"12":1,"13":0,"14":4,"15":2,"16":2,"17":1,"18":1,"19":1,"20":1,"21":1,"22":0,"23":0,"24":4,"25":5,"26":5,"27":5,"28":5,"29":5,"30":1,"31":4,"32":0,"33":4,"34":1,"35":3,"36":1,"37":2,"38":0,"39":2,"40":2,"41":1,"42":1,"43":1,"44":0,"45":1,"46":1,"47":1,"48":0,"49":4,"50":2,"51":2,"52":0,"53":2,"54":2,"55":0,"56":2,"57":0,"58":2,"59":2,"60":0,"61":2,"62":2,"63":0,"64":2,"65":2,"66":0,"67":2,"68":2,"69":2,"70":1,"71":1,"72":1,"73":0,"74":4,"75":1,"76":1,"77":0,"78":1,"79":1,"80":1,"81":0,"82":1,"83":1,"84":0},"f":{"0":21,"1":4,"2":1,"3":2,"4":5,"5":2,"6":1},"b":{"0":[19,2],"1":[1,3],"2":[4,3,3],"3":[1,2],"4":[1,1],"5":[1,0],"6":[5,0],"7":[1,4],"8":[0,4],"9":[1,3],"10":[4,4],"11":[1,2],"12":[3,3],"13":[0,2],"14":[2,2],"15":[0,2],"16":[1,1],"17":[2,2,2,2],"18":[0,1],"19":[0,1],"20":[1,1,0,0],"21":[0,1],"22":[0,1],"23":[0,2],"24":[2,0],"25":[0,2],"26":[2,0],"27":[0,2],"28":[2,2],"29":[1,1],"30":[0,2],"31":[2,1,1],"32":[2,0],"33":[0,2],"34":[2,0,0,0],"35":[1,1],"36":[0,2],"37":[2,1,1,1],"38":[1,1],"39":[1,0],"40":[0,1],"41":[0,1],"42":[0,1]},"_coverageSchema":"1a1c01bbd47fc00a2c39e90264f33305004495a9","hash":"f6b550c21937d41754ca4682b4fe299714f69f89"}
}
