TN:
SF:src\app.js
FN:26,(anonymous_0)
FNF:1
FNH:0
FNDA:0,(anonymous_0)
DA:17,4
DA:19,4
DA:22,4
DA:23,4
DA:26,4
DA:29,4
DA:30,4
DA:31,4
DA:32,4
DA:33,4
DA:34,4
DA:35,4
DA:38,4
DA:39,0
DA:42,4
DA:43,4
DA:44,4
DA:45,4
LF:18
LH:17
BRDA:38,0,0,0
BRDA:38,0,1,4
BRF:2
BRH:1
end_of_record
TN:
SF:src\prisma.js
FNF:0
FNH:0
DA:3,4
LF:1
LH:1
BRF:0
BRH:0
end_of_record
TN:
SF:src\routes\customers.routes.js
FN:7,toIntOrNull
FN:12,toDateOrNull
FN:19,(anonymous_2)
FN:31,(anonymous_3)
FN:45,(anonymous_4)
FN:76,(anonymous_5)
FN:115,(anonymous_6)
FNF:7
FNH:7
FNDA:7,toIntOrNull
FNDA:1,toDateOrNull
FNDA:1,(anonymous_2)
FNDA:2,(anonymous_3)
FNDA:2,(anonymous_4)
FNDA:3,(anonymous_5)
FNDA:2,(anonymous_6)
DA:4,4
DA:8,7
DA:9,7
DA:13,1
DA:14,1
DA:15,1
DA:19,4
DA:20,1
DA:21,1
DA:24,1
DA:26,0
DA:31,4
DA:32,2
DA:33,2
DA:35,1
DA:36,1
DA:37,1
DA:38,0
DA:40,0
DA:45,4
DA:46,2
DA:48,2
DA:49,1
DA:51,1
DA:52,0
DA:55,1
DA:56,1
DA:57,0
DA:60,1
DA:61,1
DA:69,1
DA:71,0
DA:76,4
DA:77,3
DA:78,3
DA:80,2
DA:82,2
DA:83,0
DA:85,2
DA:86,0
DA:89,2
DA:90,2
DA:91,0
DA:94,2
DA:95,2
DA:96,2
DA:98,1
DA:108,1
DA:110,0
DA:115,4
DA:116,2
DA:117,2
DA:119,2
DA:120,2
DA:121,2
DA:123,1
DA:124,1
DA:126,0
LF:58
LH:47
BRDA:9,0,0,5
BRDA:9,0,1,2
BRDA:13,1,0,0
BRDA:13,1,1,1
BRDA:13,2,0,1
BRDA:13,2,1,1
BRDA:13,2,2,1
BRDA:15,3,0,0
BRDA:15,3,1,1
BRDA:33,4,0,1
BRDA:33,4,1,1
BRDA:37,5,0,1
BRDA:37,5,1,0
BRDA:46,6,0,2
BRDA:46,6,1,0
BRDA:48,7,0,1
BRDA:48,7,1,1
BRDA:48,8,0,2
BRDA:48,8,1,1
BRDA:48,8,2,1
BRDA:51,9,0,0
BRDA:51,9,1,1
BRDA:51,10,0,1
BRDA:51,10,1,1
BRDA:51,10,2,1
BRDA:56,11,0,0
BRDA:56,11,1,1
BRDA:56,12,0,1
BRDA:56,12,1,1
BRDA:56,12,2,1
BRDA:56,12,3,1
BRDA:65,13,0,1
BRDA:65,13,1,0
BRDA:78,14,0,1
BRDA:78,14,1,2
BRDA:80,15,0,2
BRDA:80,15,1,0
BRDA:82,16,0,0
BRDA:82,16,1,2
BRDA:82,17,0,2
BRDA:82,17,1,2
BRDA:82,17,2,2
BRDA:85,18,0,0
BRDA:85,18,1,2
BRDA:85,19,0,2
BRDA:85,19,1,1
BRDA:85,19,2,1
BRDA:89,20,0,2
BRDA:89,20,1,0
BRDA:90,21,0,0
BRDA:90,21,1,2
BRDA:90,22,0,2
BRDA:90,22,1,0
BRDA:90,22,2,0
BRDA:90,22,3,0
BRDA:96,23,0,1
BRDA:96,23,1,1
BRDA:101,24,0,1
BRDA:101,24,1,0
BRDA:102,25,0,1
BRDA:102,25,1,0
BRDA:103,26,0,0
BRDA:103,26,1,1
BRDA:103,27,0,0
BRDA:103,27,1,0
BRDA:104,28,0,1
BRDA:104,28,1,0
BRDA:117,29,0,0
BRDA:117,29,1,2
BRDA:121,30,0,1
BRDA:121,30,1,1
BRF:71
BRH:49
end_of_record
TN:
SF:src\routes\packages.routes.js
FN:6,toIntOrNull
FN:12,(anonymous_1)
FN:25,(anonymous_2)
FN:39,(anonymous_3)
FN:63,(anonymous_4)
FN:98,(anonymous_5)
FNF:6
FNH:6
FNDA:15,toIntOrNull
FNDA:1,(anonymous_1)
FNDA:2,(anonymous_2)
FNDA:3,(anonymous_3)
FNDA:2,(anonymous_4)
FNDA:2,(anonymous_5)
DA:4,4
DA:7,15
DA:8,15
DA:12,4
DA:13,1
DA:15,1
DA:18,1
DA:20,0
DA:25,4
DA:26,2
DA:27,2
DA:29,1
DA:30,1
DA:31,1
DA:32,0
DA:34,0
DA:39,4
DA:40,3
DA:42,3
DA:43,3
DA:45,3
DA:46,1
DA:48,2
DA:49,1
DA:52,1
DA:53,1
DA:56,1
DA:58,0
DA:63,4
DA:64,2
DA:65,2
DA:67,2
DA:69,2
DA:70,2
DA:72,2
DA:73,0
DA:75,2
DA:76,0
DA:79,2
DA:80,2
DA:81,2
DA:83,1
DA:91,1
DA:93,0
DA:98,4
DA:99,2
DA:100,2
DA:102,2
DA:103,2
DA:104,2
DA:106,2
DA:107,1
DA:110,1
LF:53
LH:46
BRDA:8,0,0,13
BRDA:8,0,1,2
BRDA:27,1,0,1
BRDA:27,1,1,1
BRDA:31,2,0,1
BRDA:31,2,1,0
BRDA:40,3,0,3
BRDA:40,3,1,0
BRDA:45,4,0,1
BRDA:45,4,1,2
BRDA:45,5,0,3
BRDA:45,5,1,3
BRDA:48,6,0,1
BRDA:48,6,1,1
BRDA:48,7,0,2
BRDA:48,7,1,1
BRDA:65,8,0,0
BRDA:65,8,1,2
BRDA:67,9,0,2
BRDA:67,9,1,0
BRDA:69,10,0,0
BRDA:69,10,1,2
BRDA:70,11,0,1
BRDA:70,11,1,1
BRDA:72,12,0,0
BRDA:72,12,1,2
BRDA:72,13,0,2
BRDA:72,13,1,2
BRDA:72,13,2,2
BRDA:75,14,0,0
BRDA:75,14,1,2
BRDA:75,15,0,2
BRDA:75,15,1,1
BRDA:75,15,2,1
BRDA:81,16,0,1
BRDA:81,16,1,1
BRDA:100,17,0,0
BRDA:100,17,1,2
BRDA:104,18,0,0
BRDA:104,18,1,2
BRF:40
BRH:31
end_of_record
TN:
SF:src\routes\payments.routes.js
FN:8,toIntOrNull
FN:13,toDateOrNull
FN:20,(anonymous_2)
FN:37,(anonymous_3)
FN:58,(anonymous_4)
FN:99,(anonymous_5)
FN:144,(anonymous_6)
FNF:7
FNH:7
FNDA:10,toIntOrNull
FNDA:5,toDateOrNull
FNDA:1,(anonymous_2)
FNDA:2,(anonymous_3)
FNDA:4,(anonymous_4)
FNDA:3,(anonymous_5)
FNDA:1,(anonymous_6)
DA:4,4
DA:6,4
DA:9,10
DA:10,10
DA:14,5
DA:15,4
DA:16,4
DA:20,4
DA:21,1
DA:22,1
DA:30,1
DA:32,0
DA:37,4
DA:38,2
DA:39,2
DA:41,1
DA:42,1
DA:50,1
DA:51,0
DA:53,0
DA:58,4
DA:59,4
DA:61,4
DA:62,4
DA:64,3
DA:65,3
DA:67,2
DA:68,2
DA:69,0
DA:73,2
DA:74,1
DA:77,1
DA:78,1
DA:92,1
DA:94,0
DA:99,4
DA:100,3
DA:101,3
DA:103,3
DA:105,3
DA:106,3
DA:107,1
DA:110,2
DA:111,2
DA:112,0
DA:115,2
DA:116,0
DA:119,2
DA:120,2
DA:121,2
DA:123,1
DA:137,1
DA:139,0
DA:144,4
DA:145,1
DA:146,1
DA:148,1
DA:149,1
DA:150,1
DA:152,1
DA:153,1
DA:155,0
LF:62
LH:53
BRDA:10,0,0,8
BRDA:10,0,1,2
BRDA:14,1,0,1
BRDA:14,1,1,4
BRDA:14,2,0,5
BRDA:14,2,1,5
BRDA:14,2,2,5
BRDA:16,3,0,2
BRDA:16,3,1,2
BRDA:39,4,0,1
BRDA:39,4,1,1
BRDA:50,5,0,1
BRDA:50,5,1,0
BRDA:59,6,0,4
BRDA:59,6,1,0
BRDA:62,7,0,1
BRDA:62,7,1,3
BRDA:65,8,0,1
BRDA:65,8,1,2
BRDA:67,9,0,2
BRDA:67,9,1,0
BRDA:68,10,0,0
BRDA:68,10,1,2
BRDA:68,11,0,2
BRDA:68,11,1,0
BRDA:68,11,2,0
BRDA:68,11,3,0
BRDA:73,12,0,1
BRDA:73,12,1,1
BRDA:73,13,0,2
BRDA:73,13,1,2
BRDA:82,14,0,1
BRDA:82,14,1,0
BRDA:101,15,0,0
BRDA:101,15,1,3
BRDA:103,16,0,3
BRDA:103,16,1,0
BRDA:105,17,0,2
BRDA:105,17,1,1
BRDA:106,18,0,1
BRDA:106,18,1,2
BRDA:106,19,0,3
BRDA:106,19,1,1
BRDA:110,20,0,1
BRDA:110,20,1,1
BRDA:111,21,0,0
BRDA:111,21,1,2
BRDA:111,22,0,2
BRDA:111,22,1,1
BRDA:111,22,2,1
BRDA:111,22,3,0
BRDA:115,23,0,0
BRDA:115,23,1,2
BRDA:115,24,0,2
BRDA:115,24,1,2
BRDA:121,25,0,1
BRDA:121,25,1,1
BRDA:127,26,0,0
BRDA:127,26,1,1
BRDA:127,27,0,0
BRDA:127,27,1,1
BRDA:146,28,0,0
BRDA:146,28,1,1
BRDA:150,29,0,0
BRDA:150,29,1,1
BRF:65
BRH:48
end_of_record
TN:
SF:src\routes\seed.routes.js
FN:7,(anonymous_0)
FN:12,runChild
FN:13,(anonymous_2)
FN:19,(anonymous_3)
FN:20,(anonymous_4)
FN:22,(anonymous_5)
FN:27,(anonymous_6)
FNF:7
FNH:7
FNDA:1,(anonymous_0)
FNDA:6,runChild
FNDA:6,(anonymous_2)
FNDA:3,(anonymous_3)
FNDA:2,(anonymous_4)
FNDA:5,(anonymous_5)
FNDA:4,(anonymous_6)
DA:5,5
DA:7,5
DA:8,1
DA:13,6
DA:14,6
DA:16,5
DA:17,5
DA:19,5
DA:20,5
DA:22,5
DA:27,5
DA:28,4
DA:37,4
DA:42,4
DA:58,4
DA:60,4
DA:75,3
DA:76,1
DA:77,1
DA:85,2
DA:90,2
DA:91,1
DA:92,1
DA:95,1
DA:97,1
DA:98,1
LF:26
LH:26
BRDA:12,0,0,0
BRDA:37,1,0,4
BRDA:37,1,1,0
BRDA:44,2,0,4
BRDA:44,2,1,1
BRDA:45,3,0,4
BRDA:45,3,1,1
BRDA:47,4,0,4
BRDA:47,4,1,0
BRDA:47,5,0,4
BRDA:47,5,1,3
BRDA:48,6,0,1
BRDA:48,6,1,3
BRDA:49,7,0,4
BRDA:49,7,1,1
BRDA:52,8,0,1
BRDA:52,8,1,3
BRDA:75,9,0,1
BRDA:75,9,1,2
BRDA:76,10,0,1
BRDA:76,10,1,0
BRDA:80,11,0,1
BRDA:80,11,1,0
BRDA:90,12,0,1
BRDA:90,12,1,1
BRDA:91,13,0,1
BRDA:91,13,1,0
BRDA:92,14,0,1
BRDA:92,14,1,0
BRF:29
BRH:22
end_of_record
TN:
SF:src\routes\subscriptions.routes.js
FN:9,toIntOrNull
FN:14,toDateOrNull
FN:21,(anonymous_2)
FN:37,(anonymous_3)
FN:58,(anonymous_4)
FN:115,(anonymous_5)
FN:169,(anonymous_6)
FNF:7
FNH:7
FNDA:21,toIntOrNull
FNDA:4,toDateOrNull
FNDA:1,(anonymous_2)
FNDA:2,(anonymous_3)
FNDA:5,(anonymous_4)
FNDA:2,(anonymous_5)
FNDA:1,(anonymous_6)
DA:4,4
DA:6,4
DA:7,4
DA:10,21
DA:11,21
DA:15,4
DA:16,3
DA:17,3
DA:21,4
DA:22,1
DA:23,1
DA:30,1
DA:32,0
DA:37,4
DA:38,2
DA:39,2
DA:41,1
DA:42,1
DA:50,1
DA:51,0
DA:53,0
DA:58,4
DA:59,5
DA:61,5
DA:62,5
DA:63,5
DA:65,5
DA:66,4
DA:68,4
DA:69,1
DA:72,3
DA:73,1
DA:75,2
DA:76,0
DA:79,2
DA:80,2
DA:81,1
DA:84,1
DA:85,1
DA:86,0
DA:89,1
DA:90,1
DA:106,1
DA:108,0
DA:115,4
DA:116,2
DA:117,2
DA:119,2
DA:121,2
DA:122,0
DA:124,2
DA:125,0
DA:128,2
DA:129,2
DA:130,0
DA:133,2
DA:134,2
DA:135,0
DA:138,2
DA:139,2
DA:140,0
DA:143,2
DA:144,2
DA:145,2
DA:147,1
DA:162,1
DA:164,0
DA:169,4
DA:170,1
DA:171,1
DA:173,1
DA:174,1
DA:175,1
DA:177,1
DA:178,1
DA:180,0
LF:76
LH:63
BRDA:11,0,0,19
BRDA:11,0,1,2
BRDA:15,1,0,1
BRDA:15,1,1,3
BRDA:15,2,0,4
BRDA:15,2,1,3
BRDA:15,2,2,3
BRDA:17,3,0,1
BRDA:17,3,1,2
BRDA:39,4,0,1
BRDA:39,4,1,1
BRDA:50,5,0,1
BRDA:50,5,1,0
BRDA:59,6,0,5
BRDA:59,6,1,0
BRDA:65,7,0,1
BRDA:65,7,1,4
BRDA:66,8,0,0
BRDA:66,8,1,4
BRDA:68,9,0,1
BRDA:68,9,1,3
BRDA:68,10,0,4
BRDA:68,10,1,4
BRDA:72,11,0,1
BRDA:72,11,1,2
BRDA:72,12,0,3
BRDA:72,12,1,3
BRDA:75,13,0,0
BRDA:75,13,1,2
BRDA:75,14,0,2
BRDA:75,14,1,2
BRDA:79,15,0,0
BRDA:79,15,1,2
BRDA:80,16,0,1
BRDA:80,16,1,1
BRDA:80,17,0,2
BRDA:80,17,1,2
BRDA:80,17,2,2
BRDA:80,17,3,2
BRDA:84,18,0,0
BRDA:84,18,1,1
BRDA:85,19,0,0
BRDA:85,19,1,1
BRDA:85,20,0,1
BRDA:85,20,1,1
BRDA:85,20,2,0
BRDA:85,20,3,0
BRDA:96,21,0,0
BRDA:96,21,1,1
BRDA:97,22,0,0
BRDA:97,22,1,1
BRDA:117,23,0,0
BRDA:117,23,1,2
BRDA:119,24,0,2
BRDA:119,24,1,0
BRDA:121,25,0,0
BRDA:121,25,1,2
BRDA:121,26,0,2
BRDA:121,26,1,0
BRDA:124,27,0,0
BRDA:124,27,1,2
BRDA:124,28,0,2
BRDA:124,28,1,2
BRDA:128,29,0,1
BRDA:128,29,1,1
BRDA:129,30,0,0
BRDA:129,30,1,2
BRDA:129,31,0,2
BRDA:129,31,1,1
BRDA:129,31,2,1
BRDA:133,32,0,2
BRDA:133,32,1,0
BRDA:134,33,0,0
BRDA:134,33,1,2
BRDA:134,34,0,2
BRDA:134,34,1,0
BRDA:134,34,2,0
BRDA:134,34,3,0
BRDA:138,35,0,1
BRDA:138,35,1,1
BRDA:139,36,0,0
BRDA:139,36,1,2
BRDA:139,37,0,2
BRDA:139,37,1,1
BRDA:139,37,2,1
BRDA:139,37,3,1
BRDA:145,38,0,1
BRDA:145,38,1,1
BRDA:152,39,0,1
BRDA:152,39,1,0
BRDA:153,40,0,0
BRDA:153,40,1,1
BRDA:171,41,0,0
BRDA:171,41,1,1
BRDA:175,42,0,0
BRDA:175,42,1,1
BRF:96
BRH:69
end_of_record
